[06-25 20:25:38] 🏛️ 市场情绪分析 单次运行...
[06-25 20:25:41] 😱 双源F&G: 16 (Extreme Fear) [CMC=18 alt=12 分歧=moderate]
[06-25 20:25:59]   📰 🟡 BTC/USDT: 情绪=-14 (中性) | 132条
[06-25 20:26:28]   📰 🟡 ETH/USDT: 情绪=-10 (中性偏跌) | 132条
[06-25 20:26:47]   📰 🟡 SOL/USDT: 情绪=-4 (中性) | 132条
[06-25 20:26:47] 🏛️ 市场环境: extreme_fear | 偏向=short_only | 信度=100% | ⚡杠杆×2.0 | 共振=aligned
[06-25 20:26:47] ✅ 完成!
[06-25 20:53:10] 🏛️ 市场情绪守护进程 启动 v1.0
[06-25 20:53:10]    F&G刷新: 300s | 新闻刷新: 1800s | 环境刷新: 300s
[06-25 20:53:10]    共享状态: /Users/chasett/yina-app/chase-quant-web/data/market_sentiment_state.json
[06-25 20:53:12] 😱 双源F&G: 16 (Extreme Fear) [CMC=18 alt=12 分歧=moderate]
[06-25 20:53:32]   📰 🟡 BTC/USDT: 情绪=-18 (中性) | 130条
[06-25 20:53:53]   📰 🟡 ETH/USDT: 情绪=-28 (看跌) | 130条
[06-25 20:54:10]   📰 🟡 SOL/USDT: 情绪=-14 (中性) | 130条
[06-25 20:54:10] 🏛️ 市场环境: extreme_fear | 偏向=short_only | 信度=100% | ⚡杠杆×2.0 | 共振=aligned
[06-25 20:54:10] 😱 双源F&G: 16 (Extreme Fear) [CMC=18 alt=12 分歧=moderate]
[06-25 20:54:36]   📰 🟡 BTC/USDT: 情绪=-24 (看跌) | 112条
[06-25 20:55:10]   📰 🟡 ETH/USDT: 情绪=-40 (看跌) | 112条
[06-25 20:55:31]   📰 🟡 SOL/USDT: 情绪=-10 (中性) | 130条
[06-25 20:55:31] 🏛️ 市场环境: extreme_fear | 偏向=short_only | 信度=100% | ⚡杠杆×2.0 | 共振=aligned
[06-25 20:59:10] 🏛️ 市场情绪守护进程 启动 v1.0
[06-25 20:59:10]    F&G刷新: 300s | 新闻刷新: 1800s | 环境刷新: 300s
[06-25 20:59:10]    共享状态: /Users/chasett/yina-app/chase-quant-web/data/market_sentiment_state.json
[06-25 20:59:12] 😱 双源F&G: 16 (Extreme Fear) [CMC=18 alt=12 分歧=moderate]
[06-25 20:59:30]   📰 🟡 BTC/USDT: 情绪=-14 (中性) | 130条
[06-25 20:59:51]   📰 🟡 ETH/USDT: 情绪=-28 (看跌) | 130条
[06-25 21:00:17]   📰 🟡 SOL/USDT: 情绪=0 (中性) | 114条
[06-25 21:00:17] 🏛️ 市场环境: extreme_fear | 偏向=short_only | 信度=85% | 🔒杠杆×1.0 | 共振=neutral
[06-25 21:00:17] 😱 双源F&G: 16 (Extreme Fear) [CMC=18 alt=12 分歧=moderate]
[06-25 21:00:47]   📰 🟡 BTC/USDT: 情绪=-16 (中性) | 130条
[06-25 21:01:21]   📰 🟡 ETH/USDT: 情绪=-10 (中性偏跌) | 130条
[06-25 21:01:44]   📰 🟡 SOL/USDT: 情绪=-4 (中性) | 130条
[06-25 21:01:44] 🏛️ 市场环境: extreme_fear | 偏向=short_only | 信度=85% | 🔒杠杆×1.0 | 共振=neutral
[06-25 21:05:44] 😱 双源F&G: 16 (Extreme Fear) [CMC=18 alt=12 分歧=moderate]
[06-25 21:05:44] 🏛️ 市场环境: extreme_fear | 偏向=short_only | 信度=85% | 🔒杠杆×1.0 | 共振=neutral
[06-25 21:10:45] 😱 双源F&G: 16 (Extreme Fear) [CMC=18 alt=12 分歧=moderate]
[06-25 21:10:45] 🏛️ 市场环境: extreme_fear | 偏向=short_only | 信度=85% | 🔒杠杆×1.0 | 共振=neutral
[06-25 21:15:45] 😱 双源F&G: 16 (Extreme Fear) [CMC=18 alt=12 分歧=moderate]
[06-25 21:15:45] 🏛️ 市场环境: extreme_fear | 偏向=short_only | 信度=85% | 🔒杠杆×1.0 | 共振=neutral
[06-25 21:20:45] 😱 双源F&G: 16 (Extreme Fear) [CMC=18 alt=12 分歧=moderate]
[06-25 21:20:45] 🏛️ 市场环境: extreme_fear | 偏向=short_only | 信度=85% | 🔒杠杆×1.0 | 共振=neutral
[06-25 21:25:45] 😱 双源F&G: 16 (Extreme Fear) [CMC=18 alt=12 分歧=moderate]
[06-25 21:25:45] 🏛️ 市场环境: extreme_fear | 偏向=short_only | 信度=85% | 🔒杠杆×1.0 | 共振=neutral
[06-25 21:31:04]   📰 🟡 BTC/USDT: 情绪=-16 (中性) | 130条
[06-25 21:31:32]   📰 🟡 ETH/USDT: 情绪=-10 (中性偏跌) | 130条
[06-25 21:31:50]   📰 🟡 SOL/USDT: 情绪=-8 (中性) | 130条
[06-25 21:32:20] 😱 双源F&G: 16 (Extreme Fear) [CMC=18 alt=12 分歧=moderate]
[06-25 21:32:20] 🏛️ 市场环境: extreme_fear | 偏向=short_only | 信度=85% | 🔒杠杆×1.0 | 共振=neutral
[06-25 21:37:20] 😱 双源F&G: 16 (Extreme Fear) [CMC=18 alt=12 分歧=moderate]
[06-25 21:37:20] 🏛️ 市场环境: extreme_fear | 偏向=short_only | 信度=85% | 🔒杠杆×1.0 | 共振=neutral
