[06-08 00:11:16] 
==================================================
[06-08 00:11:16] 🔄 第 16 次扫描 [00:11]
[06-08 00:11:16] ==================================================
[06-08 00:11:16] 🚀 引擎: v5 (Qlib融合 + 图增强 + Alpha增强 + SMART)
[06-08 00:11:37] 📋 2 笔操作, 推送企微...
[06-08 00:11:38] ✅ 企微推送成功
[06-08 00:11:38] ⏱️  耗时: 22.1s
[06-08 00:11:38] ⏳ 等待 30 分钟后下次扫描...

[06-08 00:41:38] 
==================================================
[06-08 00:41:38] 🔄 第 17 次扫描 [00:41]
[06-08 00:41:38] ==================================================
[06-08 00:41:38] 🚀 引擎: v5 (Qlib融合 + 图增强 + Alpha增强 + SMART)
[06-08 00:42:58] 📋 2 笔操作, 推送企微...
[06-08 00:42:59] ✅ 企微推送成功
[06-08 00:42:59] ⏱️  耗时: 80.8s
[06-08 00:42:59] ⏳ 等待 30 分钟后下次扫描...

[06-08 01:12:59] 🌙 夜间休眠中... (01:00-07:00), 347分钟后唤醒
[06-08 02:12:59] 🌙 夜间休眠中... (01:00-07:00), 287分钟后唤醒
[06-08 02:29:59] 
🛑 收到信号 15, 优雅退出...
[06-08 02:29:59] ⚠️ 企微推送异常: <urlopen error [Errno 8] nodename nor servname provided, or not known>
[06-08 09:00:40] 🐾 Yina 自主模拟盘交易守护进程 启动!
[06-08 09:00:40] 📡 API: http://localhost:8766
[06-08 09:00:40] ⏱️  扫描间隔: 30分钟
[06-08 09:00:40] 🌙 夜间休眠: 01:00-07:00 (北京时间)
[06-08 09:00:40] 📊 历史统计: 17 次扫描, 32 笔交易
[06-08 09:00:40] ✅ 企微推送成功
[06-08 09:00:40] 🔄 进入持续交易模式...
[06-08 09:00:40] 
==================================================
[06-08 09:00:40] 🔄 第 18 次扫描 [09:00]
[06-08 09:00:40] ==================================================
[06-08 09:00:42] 🚀 引擎: v5 (Qlib融合 + 图增强 + Alpha增强 + SMART)
[06-08 09:01:11] 💤 本次无操作
[06-08 09:01:11] ⏱️  耗时: 30.6s
[06-08 09:01:11] ⏳ 等待 30 分钟后下次扫描...

[06-08 09:31:11] 
==================================================
[06-08 09:31:11] 🔄 第 19 次扫描 [09:31]
[06-08 09:31:11] ==================================================
[06-08 09:31:11] 🚀 引擎: v5 (Qlib融合 + 图增强 + Alpha增强 + SMART)
[06-08 09:31:34] 💤 本次无操作
[06-08 09:31:34] ⏱️  耗时: 22.8s
[06-08 09:31:34] ⏳ 等待 30 分钟后下次扫描...

[06-08 10:01:34] 
==================================================
[06-08 10:01:34] 🔄 第 20 次扫描 [10:01]
[06-08 10:01:34] ==================================================
[06-08 10:01:34] 🚀 引擎: v5 (Qlib融合 + 图增强 + Alpha增强 + SMART)
[06-08 10:01:56] 💤 本次无操作
[06-08 10:01:56] ⏱️  耗时: 22.7s
[06-08 10:01:56] ⏳ 等待 30 分钟后下次扫描...

[06-08 10:09:22] 
🛑 收到信号 15, 优雅退出...
[06-08 10:09:23] ✅ 企微推送成功
[06-08 10:09:23] 🐾 Yina 自主模拟盘交易守护进程 启动!
[06-08 10:09:23] 📡 API: http://localhost:8766
[06-08 10:09:23] ⏱️  扫描间隔: 30分钟
[06-08 10:09:23] 🌙 夜间休眠: 01:00-07:00 (北京时间)
[06-08 10:09:23] 📊 历史统计: 20 次扫描, 32 笔交易
[06-08 10:09:24] ✅ 企微推送成功
[06-08 10:09:24] 🔄 进入持续交易模式...
[06-08 10:09:24] 
==================================================
[06-08 10:09:24] 🔄 第 21 次扫描 [10:09]
[06-08 10:09:24] ==================================================
[06-08 10:09:25] 🚀 引擎: v5 (Qlib融合 + 图增强 + Alpha增强 + SMART)
[06-08 10:09:48] 💤 本次无操作
[06-08 10:09:48] ⏱️  耗时: 24.4s
[06-08 10:09:48] ⏳ 等待 30 分钟后下次扫描...

[06-08 10:39:48] 
==================================================
[06-08 10:39:48] 🔄 第 22 次扫描 [10:39]
[06-08 10:39:48] ==================================================
[06-08 10:39:48] 🚀 引擎: v5 (Qlib融合 + 图增强 + Alpha增强 + SMART)
[06-08 10:40:25] 💤 本次无操作
[06-08 10:40:25] ⏱️  耗时: 36.5s
[06-08 10:40:25] ⏳ 等待 30 分钟后下次扫描...

[06-08 11:10:25] 
==================================================
[06-08 11:10:25] 🔄 第 23 次扫描 [11:10]
[06-08 11:10:25] ==================================================
[06-08 11:10:25] 🚀 引擎: v5 (Qlib融合 + 图增强 + Alpha增强 + SMART)
[06-08 11:11:24] 📊 A股/美股: 1 笔信号
[06-08 11:11:24] 📋 1 笔操作, 推送企微...
[06-08 11:11:25] ✅ 企微推送成功
[06-08 11:11:25] ⏱️  耗时: 59.9s
[06-08 11:11:25] ⏳ 等待 30 分钟后下次扫描...

[06-08 11:41:25] 
==================================================
[06-08 11:41:25] 🔄 第 24 次扫描 [11:41]
[06-08 11:41:25] ==================================================
[06-08 11:41:25] 🚀 引擎: v5 (Qlib融合 + 图增强 + Alpha增强 + SMART)
[06-08 11:42:22] 📊 A股/美股: 1 笔信号
[06-08 11:42:22] 📋 1 笔操作, 推送企微...
[06-08 11:42:23] ✅ 企微推送成功
[06-08 11:42:23] ⏱️  耗时: 58.1s
[06-08 11:42:23] ⏳ 等待 30 分钟后下次扫描...

[06-08 12:12:23] 
==================================================
[06-08 12:12:23] 🔄 第 25 次扫描 [12:12]
[06-08 12:12:23] ==================================================
[06-08 12:12:23] 🚀 引擎: v5 (Qlib融合 + 图增强 + Alpha增强 + SMART)
[06-08 12:13:23] 💤 本次无操作
[06-08 12:13:23] ⏱️  耗时: 60.0s
[06-08 12:13:23] ⏳ 等待 30 分钟后下次扫描...

[06-08 12:43:23] 
==================================================
[06-08 12:43:23] 🔄 第 26 次扫描 [12:43]
[06-08 12:43:23] ==================================================
[06-08 12:43:23] 🚀 引擎: v5 (Qlib融合 + 图增强 + Alpha增强 + SMART)
[06-08 12:43:45] 💤 本次无操作
[06-08 12:43:45] ⏱️  耗时: 22.0s
[06-08 12:43:45] ⏳ 等待 30 分钟后下次扫描...

[06-08 13:13:45] 
==================================================
[06-08 13:13:45] 🔄 第 27 次扫描 [13:13]
[06-08 13:13:45] ==================================================
[06-08 13:13:45] 🚀 引擎: v5 (Qlib融合 + 图增强 + Alpha增强 + SMART)
[06-08 13:14:14] 💤 本次无操作
[06-08 13:14:14] ⏱️  耗时: 28.9s
[06-08 13:14:14] ⏳ 等待 30 分钟后下次扫描...

[06-08 13:44:14] 
==================================================
[06-08 13:44:14] 🔄 第 28 次扫描 [13:44]
[06-08 13:44:14] ==================================================
[06-08 13:44:14] 🚀 引擎: v5 (Qlib融合 + 图增强 + Alpha增强 + SMART)
[06-08 13:44:35] 💤 本次无操作
[06-08 13:44:35] ⏱️  耗时: 21.8s
[06-08 13:44:35] ⏳ 等待 30 分钟后下次扫描...

[06-08 14:14:35] 
==================================================
[06-08 14:14:35] 🔄 第 29 次扫描 [14:14]
[06-08 14:14:35] ==================================================
[06-08 14:14:36] 🚀 引擎: v5 (Qlib融合 + 图增强 + Alpha增强 + SMART)
[06-08 14:15:38] 📊 A股/美股: 1 笔信号
[06-08 14:15:38] 📋 1 笔操作, 推送企微...
[06-08 14:15:39] ✅ 企微推送成功
[06-08 14:15:39] ⏱️  耗时: 63.2s
[06-08 14:15:39] ⏳ 等待 30 分钟后下次扫描...

[06-08 14:45:39] 
==================================================
[06-08 14:45:39] 🔄 第 30 次扫描 [14:45]
[06-08 14:45:39] ==================================================
[06-08 14:45:39] 🚀 引擎: v5 (Qlib融合 + 图增强 + Alpha增强 + SMART)
[06-08 14:46:35] 💤 本次无操作
[06-08 14:46:35] ⏱️  耗时: 56.4s
[06-08 14:46:35] ⏳ 等待 30 分钟后下次扫描...

[06-08 15:16:35] 
==================================================
[06-08 15:16:35] 🔄 第 31 次扫描 [15:16]
[06-08 15:16:35] ==================================================
[06-08 15:16:35] 🚀 引擎: v5 (Qlib融合 + 图增强 + Alpha增强 + SMART)
[06-08 15:17:34] 💤 本次无操作
[06-08 15:17:34] ⏱️  耗时: 59.0s
[06-08 15:17:34] ⏳ 等待 30 分钟后下次扫描...

[06-08 15:47:34] 
==================================================
[06-08 15:47:34] 🔄 第 32 次扫描 [15:47]
[06-08 15:47:34] ==================================================
[06-08 15:47:34] 🚀 引擎: v5 (Qlib融合 + 图增强 + Alpha增强 + SMART)
[06-08 15:48:20] 💤 本次无操作
[06-08 15:48:20] ⏱️  耗时: 45.7s
[06-08 15:48:20] ⏳ 等待 30 分钟后下次扫描...

[06-08 16:18:20] 
==================================================
[06-08 16:18:20] 🔄 第 33 次扫描 [16:18]
[06-08 16:18:20] ==================================================
[06-08 16:18:20] 🚀 引擎: v5 (Qlib融合 + 图增强 + Alpha增强 + SMART)
[06-08 16:18:44] 💤 本次无操作
[06-08 16:18:44] ⏱️  耗时: 23.6s
[06-08 16:18:44] ⏳ 等待 30 分钟后下次扫描...

[06-08 16:48:44] 
==================================================
[06-08 16:48:44] 🔄 第 34 次扫描 [16:48]
[06-08 16:48:44] ==================================================
[06-08 16:48:44] 🚀 引擎: v5 (Qlib融合 + 图增强 + Alpha增强 + SMART)
[06-08 16:49:06] 💤 本次无操作
[06-08 16:49:06] ⏱️  耗时: 22.1s
[06-08 16:49:06] ⏳ 等待 30 分钟后下次扫描...

[06-08 17:10:49] 
🛑 收到信号 15, 优雅退出...
[06-08 17:10:49] ⚠️ 企微推送异常: <urlopen error [Errno 8] nodename nor servname provided, or not known>
[06-08 19:10:47] 🐾 Yina 自主模拟盘交易守护进程 启动!
[06-08 19:10:47] 📡 API: http://localhost:8766
[06-08 19:10:47] ⏱️  扫描间隔: 30分钟
[06-08 19:10:47] 🌙 夜间休眠: 01:00-07:00 (北京时间)
[06-08 19:10:47] 📊 历史统计: 34 次扫描, 35 笔交易
[06-08 19:10:47] ✅ 企微推送成功
[06-08 19:10:47] 🔄 进入持续交易模式...
[06-08 19:10:47] 
==================================================
[06-08 19:10:47] 🔄 第 35 次扫描 [19:10]
[06-08 19:10:47] ==================================================
[06-08 19:10:50] 🚀 引擎: v5 (Qlib融合 + 图增强 + Alpha增强 + SMART)
[06-08 19:11:20] 💤 本次无操作
[06-08 19:11:20] ⏱️  耗时: 32.6s
[06-08 19:11:20] ⏳ 等待 30 分钟后下次扫描...

[06-08 19:20:46] 
🛑 收到信号 15, 优雅退出...
[06-08 19:20:46] ✅ 企微推送成功
[06-08 19:22:10] 🐾 Yina 自主模拟盘交易守护进程 启动!
[06-08 19:22:10] 📡 API: http://localhost:8766
[06-08 19:22:10] ⏱️  扫描间隔: 30分钟
[06-08 19:22:10] 🌙 夜间休眠: 01:00-07:00 (北京时间)
[06-08 19:22:10] 📊 历史统计: 0 次扫描, 0 笔交易
[06-08 19:22:11] ✅ 企微推送成功
[06-08 19:22:11] 
==================================================
[06-08 19:22:11] 🔄 第 1 次扫描 [19:22]
[06-08 19:22:11] ==================================================
[06-08 19:22:12] 🚀 引擎: v5 (Qlib融合 + 图增强 + Alpha增强 + SMART)
[06-08 19:22:36] 💤 本次无操作
[06-08 19:22:36] ⏱️  耗时: 25.4s
[06-08 19:22:36] ✅ 单次运行完成
[06-08 20:07:20] 🐾 Yina 自主模拟盘交易守护进程 启动!
[06-08 20:07:20] 📡 API: http://localhost:8766
[06-08 20:07:20] ⏱️  扫描间隔: 30分钟
[06-08 20:07:20] 🌙 夜间休眠: 01:00-07:00 (北京时间)
[06-08 20:07:20] 📊 历史统计: 1 次扫描, 0 笔交易
[06-08 20:07:21] ✅ 企微推送成功
[06-08 20:07:21] 
==================================================
[06-08 20:07:21] 🔄 第 2 次扫描 [20:07]
[06-08 20:07:21] ==================================================
[06-08 20:07:22] 🚀 引擎: v5 (Qlib融合 + 图增强 + Alpha增强 + SMART)
[06-08 20:07:45] 💤 本次无操作
[06-08 20:07:45] ⏱️  耗时: 24.8s
[06-08 20:07:45] ✅ 单次运行完成
[06-08 20:10:38] 🐾 Yina 自主模拟盘交易守护进程 启动!
[06-08 20:10:38] 📡 API: http://localhost:8766
[06-08 20:10:38] ⏱️  扫描间隔: 30分钟
[06-08 20:10:38] 🌙 夜间休眠: 01:00-07:00 (北京时间)
[06-08 20:10:38] 📊 历史统计: 2 次扫描, 0 笔交易
[06-08 20:10:39] ✅ 企微推送成功
[06-08 20:10:39] 
==================================================
[06-08 20:10:39] 🔄 第 3 次扫描 [20:10]
[06-08 20:10:39] ==================================================
[06-08 20:10:41] 🚀 引擎: v5 (Qlib融合 + 图增强 + Alpha增强 + SMART)
[06-08 20:11:04] 💤 本次无操作
[06-08 20:11:04] ⏱️  耗时: 24.8s
[06-08 20:11:04] ✅ 单次运行完成
[06-08 20:11:43] 🐾 Yina 自主模拟盘交易守护进程 启动!
[06-08 20:11:43] 📡 API: http://localhost:8766
[06-08 20:11:43] ⏱️  扫描间隔: 30分钟
[06-08 20:11:43] 🌙 夜间休眠: 01:00-07:00 (北京时间)
[06-08 20:11:43] 📊 历史统计: 3 次扫描, 0 笔交易
[06-08 20:11:43] ✅ 企微推送成功
[06-08 20:11:43] 🔄 进入持续交易模式...
[06-08 20:11:43] 
==================================================
[06-08 20:11:43] 🔄 第 4 次扫描 [20:11]
[06-08 20:11:43] ==================================================
[06-08 20:11:45] 🚀 引擎: v5 (Qlib融合 + 图增强 + Alpha增强 + SMART)
[06-08 20:12:08] 💤 本次无操作
[06-08 20:12:08] ⏱️  耗时: 24.6s
[06-08 20:12:08] ⏳ 等待 30 分钟后下次扫描...

[06-08 20:42:08] 
==================================================
[06-08 20:42:08] 🔄 第 5 次扫描 [20:42]
[06-08 20:42:08] ==================================================
[06-08 20:42:08] 🚀 引擎: v5 (Qlib融合 + 图增强 + Alpha增强 + SMART)
[06-08 20:42:30] 💤 本次无操作
[06-08 20:42:30] ⏱️  耗时: 21.9s
[06-08 20:42:30] ⏳ 等待 30 分钟后下次扫描...

[06-08 21:12:30] 
==================================================
[06-08 21:12:30] 🔄 第 6 次扫描 [21:12]
[06-08 21:12:30] ==================================================
[06-08 21:12:30] 🚀 引擎: v5 (Qlib融合 + 图增强 + Alpha增强 + SMART)
[06-08 21:12:52] 💤 本次无操作
[06-08 21:12:52] ⏱️  耗时: 22.1s
[06-08 21:12:52] ⏳ 等待 30 分钟后下次扫描...

[06-08 21:42:52] 
==================================================
[06-08 21:42:52] 🔄 第 7 次扫描 [21:42]
[06-08 21:42:52] ==================================================
[06-08 21:42:52] 🚀 引擎: v5 (Qlib融合 + 图增强 + Alpha增强 + SMART)
[06-08 21:43:14] 💤 本次无操作
[06-08 21:43:14] ⏱️  耗时: 22.0s
[06-08 21:43:14] ⏳ 等待 30 分钟后下次扫描...

[06-08 22:00:57] 🐾 Yina 自主模拟盘交易守护进程 启动!
[06-08 22:00:57] 📡 API: http://localhost:8766
[06-08 22:00:57] ⏱️  扫描间隔: 30分钟
[06-08 22:00:57] 🌙 夜间休眠: 01:00-07:00 (北京时间)
[06-08 22:00:57] 📊 历史统计: 7 次扫描, 0 笔交易
[06-08 22:00:58] ✅ 企微推送成功
[06-08 22:00:58] 
==================================================
[06-08 22:00:58] 🔄 第 8 次扫描 [22:00]
[06-08 22:00:58] ==================================================
[06-08 22:01:00] 🚀 引擎: v5 (Qlib融合 + 图增强 + Alpha增强 + SMART)
[06-08 22:01:23] 💤 本次无操作
[06-08 22:01:23] 🌙 发送每日晚报...
[06-08 22:01:24] ✅ 企微推送成功
[06-08 22:01:24] ⏱️  耗时: 25.6s
[06-08 22:01:24] ✅ 单次运行完成
[06-08 22:03:28] 
🛑 收到信号 15, 优雅退出...
[06-08 22:03:29] ✅ 企微推送成功
[06-08 22:03:33] 🐾 Yina 自主模拟盘交易守护进程 启动!
[06-08 22:03:33] 📡 API: http://localhost:8766
[06-08 22:03:33] ⏱️  扫描间隔: 30分钟
[06-08 22:03:33] 🌙 夜间休眠: 01:00-07:00 (北京时间)
[06-08 22:03:33] 📊 历史统计: 7 次扫描, 0 笔交易
[06-08 22:03:34] ✅ 企微推送成功
[06-08 22:03:34] 
==================================================
[06-08 22:03:34] 🔄 第 8 次扫描 [22:03]
[06-08 22:03:34] ==================================================
[06-08 22:03:35] 🚀 引擎: v5 (Qlib融合 + 图增强 + Alpha增强 + SMART)
[06-08 22:03:58] 💤 本次无操作
[06-08 22:03:58] 🌙 发送每日晚报...
[06-08 22:03:58] ✅ 企微推送成功
[06-08 22:03:58] ⏱️  耗时: 24.5s
[06-08 22:03:58] ✅ 单次运行完成
[06-08 22:07:14] 🐾 Yina 自主模拟盘交易守护进程 启动!
[06-08 22:07:14] 📡 API: http://localhost:8766
[06-08 22:07:14] ⏱️  扫描间隔: 30分钟
[06-08 22:07:14] 🌙 夜间休眠: 01:00-07:00 (北京时间)
[06-08 22:07:14] 📊 历史统计: 8 次扫描, 0 笔交易
[06-08 22:07:15] ✅ 企微推送成功
[06-08 22:07:15] 
==================================================
[06-08 22:07:15] 🔄 第 9 次扫描 [22:07]
[06-08 22:07:15] ==================================================
[06-08 22:07:16] 🚀 引擎: v5 (Qlib融合 + 图增强 + Alpha增强 + SMART)
[06-08 22:07:39] 💤 本次无操作
[06-08 22:07:39] ⏱️  耗时: 24.0s
[06-08 22:07:39] ✅ 单次运行完成
[06-08 22:08:07] 🐾 Yina 自主模拟盘交易守护进程 启动!
[06-08 22:08:07] 📡 API: http://localhost:8766
[06-08 22:08:07] ⏱️  扫描间隔: 30分钟
[06-08 22:08:07] 🌙 夜间休眠: 01:00-07:00 (北京时间)
[06-08 22:08:07] 📊 历史统计: 9 次扫描, 0 笔交易
[06-08 22:08:07] ✅ 企微推送成功
[06-08 22:08:07] 
==================================================
[06-08 22:08:07] 🔄 第 10 次扫描 [22:08]
[06-08 22:08:07] ==================================================
[06-08 22:08:09] 🚀 引擎: v5 (Qlib融合 + 图增强 + Alpha增强 + SMART)
[06-08 22:08:31] 💤 本次无操作
[06-08 22:08:31] ⏱️  耗时: 24.3s
[06-08 22:08:31] ✅ 单次运行完成
[06-08 22:09:38] 🐾 Yina 自主模拟盘交易守护进程 启动!
[06-08 22:09:38] 📡 API: http://localhost:8766
[06-08 22:09:38] ⏱️  扫描间隔: 30分钟
[06-08 22:09:38] 🌙 夜间休眠: 01:00-07:00 (北京时间)
[06-08 22:09:38] 📊 历史统计: 10 次扫描, 0 笔交易
[06-08 22:09:39] ✅ 企微推送成功
[06-08 22:09:39] 
==================================================
[06-08 22:09:39] 🔄 第 11 次扫描 [22:09]
[06-08 22:09:39] ==================================================
[06-08 22:09:40] 🚀 引擎: v5 (Qlib融合 + 图增强 + Alpha增强 + SMART)
[06-08 22:10:03] 📋 1 笔操作, 推送企微...
[06-08 22:10:03] ✅ 企微推送成功
[06-08 22:10:03] ⏱️  耗时: 24.7s
[06-08 22:10:03] ✅ 单次运行完成
[06-08 22:10:15] 🐾 Yina 自主模拟盘交易守护进程 启动!
[06-08 22:10:15] 📡 API: http://localhost:8766
[06-08 22:10:15] ⏱️  扫描间隔: 30分钟
[06-08 22:10:15] 🌙 夜间休眠: 01:00-07:00 (北京时间)
[06-08 22:10:15] 📊 历史统计: 11 次扫描, 1 笔交易
[06-08 22:10:15] ✅ 企微推送成功
[06-08 22:10:15] 🔄 进入持续交易模式...
[06-08 22:10:15] 
==================================================
[06-08 22:10:15] 🔄 第 12 次扫描 [22:10]
[06-08 22:10:15] ==================================================
[06-08 22:10:17] 🚀 引擎: v5 (Qlib融合 + 图增强 + Alpha增强 + SMART)
[06-08 22:10:40] 📋 2 笔操作, 推送企微...
[06-08 22:10:40] ✅ 企微推送成功
[06-08 22:10:40] ⏱️  耗时: 25.0s
[06-08 22:10:40] ⏳ 等待 30 分钟后下次扫描...

[06-08 22:11:13] 
🛑 收到信号 15, 优雅退出...
[06-08 22:11:13] ✅ 企微推送成功
[06-08 22:11:14] 🐾 Yina 自主模拟盘交易守护进程 启动!
[06-08 22:11:14] 📡 API: http://localhost:8766
[06-08 22:11:14] ⏱️  扫描间隔: 30分钟
[06-08 22:11:14] 🌙 夜间休眠: 01:00-07:00 (北京时间)
[06-08 22:11:14] 📊 历史统计: 12 次扫描, 3 笔交易
[06-08 22:11:15] ✅ 企微推送成功
[06-08 22:11:15] 🔄 进入持续交易模式...
[06-08 22:11:15] 
==================================================
[06-08 22:11:15] 🔄 第 13 次扫描 [22:11]
[06-08 22:11:15] ==================================================
[06-08 22:11:16] 🚀 引擎: v5 (Qlib融合 + 图增强 + Alpha增强 + SMART)
[06-08 22:11:20] 🐾 Yina 自主模拟盘交易守护进程 启动!
[06-08 22:11:20] 📡 API: http://localhost:8766
[06-08 22:11:20] ⏱️  扫描间隔: 30分钟
[06-08 22:11:20] 🌙 夜间休眠: 01:00-07:00 (北京时间)
[06-08 22:11:20] 📊 历史统计: 12 次扫描, 3 笔交易
[06-08 22:11:20] ✅ 企微推送成功
[06-08 22:11:20] 
==================================================
[06-08 22:11:20] 🔄 第 13 次扫描 [22:11]
[06-08 22:11:20] ==================================================
[06-08 22:11:22] 🚀 引擎: v5 (Qlib融合 + 图增强 + Alpha增强 + SMART)
[06-08 22:11:39] 📋 1 笔操作, 推送企微...
[06-08 22:11:40] ✅ 企微推送成功
[06-08 22:11:40] ⏱️  耗时: 25.3s
[06-08 22:11:40] ⏳ 等待 30 分钟后下次扫描...

[06-08 22:11:45] 📋 1 笔操作, 推送企微...
[06-08 22:11:45] ✅ 企微推送成功
[06-08 22:11:45] ⏱️  耗时: 25.3s
[06-08 22:11:45] ✅ 单次运行完成
[06-08 22:11:51] 🐾 Yina 自主模拟盘交易守护进程 启动!
[06-08 22:11:51] 📡 API: http://localhost:8766
[06-08 22:11:51] ⏱️  扫描间隔: 30分钟
[06-08 22:11:51] 🌙 夜间休眠: 01:00-07:00 (北京时间)
[06-08 22:11:51] 📊 历史统计: 13 次扫描, 4 笔交易
[06-08 22:11:51] ✅ 企微推送成功
[06-08 22:11:51] 
==================================================
[06-08 22:11:51] 🔄 第 14 次扫描 [22:11]
[06-08 22:11:51] ==================================================
[06-08 22:11:53] 🚀 引擎: v5 (Qlib融合 + 图增强 + Alpha增强 + SMART)
[06-08 22:12:16] 📋 1 笔操作, 推送企微...
[06-08 22:12:16] ✅ 企微推送成功
[06-08 22:12:16] ⏱️  耗时: 24.9s
[06-08 22:12:16] ✅ 单次运行完成
[06-08 22:12:37] 
🛑 收到信号 15, 优雅退出...
[06-08 22:12:38] ✅ 企微推送成功
[06-08 22:12:39] 🐾 Yina 自主模拟盘交易守护进程 启动!
[06-08 22:12:39] 📡 API: http://localhost:8766
[06-08 22:12:39] ⏱️  扫描间隔: 30分钟
[06-08 22:12:39] 🌙 夜间休眠: 01:00-07:00 (北京时间)
[06-08 22:12:39] 📊 历史统计: 13 次扫描, 4 笔交易
[06-08 22:12:39] ✅ 企微推送成功
[06-08 22:12:39] 
==================================================
[06-08 22:12:39] 🔄 第 14 次扫描 [22:12]
[06-08 22:12:39] ==================================================
[06-08 22:12:41] 🚀 引擎: v5 (Qlib融合 + 图增强 + Alpha增强 + SMART)
[06-08 22:13:03] 📋 1 笔操作, 推送企微...
[06-08 22:13:04] ✅ 企微推送成功
[06-08 22:13:04] ⏱️  耗时: 24.6s
[06-08 22:13:04] ✅ 单次运行完成
[06-08 22:13:08] 🐾 Yina 自主模拟盘交易守护进程 启动!
[06-08 22:13:08] 📡 API: http://localhost:8766
[06-08 22:13:08] ⏱️  扫描间隔: 30分钟
[06-08 22:13:08] 🌙 夜间休眠: 01:00-07:00 (北京时间)
[06-08 22:13:08] 📊 历史统计: 14 次扫描, 5 笔交易
[06-08 22:13:09] ✅ 企微推送成功
[06-08 22:13:09] 
==================================================
[06-08 22:13:09] 🔄 第 15 次扫描 [22:13]
[06-08 22:13:09] ==================================================
[06-08 22:13:10] 🚀 引擎: v5 (Qlib融合 + 图增强 + Alpha增强 + SMART)
[06-08 22:13:33] 📋 1 笔操作, 推送企微...
[06-08 22:13:34] ✅ 企微推送成功
[06-08 22:13:34] ⏱️  耗时: 25.2s
[06-08 22:13:34] ✅ 单次运行完成
[06-08 22:14:06] 🐾 Yina 自主模拟盘交易守护进程 启动!
[06-08 22:14:06] 📡 API: http://localhost:8766
[06-08 22:14:06] ⏱️  扫描间隔: 30分钟
[06-08 22:14:06] 🌙 夜间休眠: 01:00-07:00 (北京时间)
[06-08 22:14:06] 📊 历史统计: 15 次扫描, 6 笔交易
[06-08 22:14:07] ✅ 企微推送成功
[06-08 22:14:07] 
==================================================
[06-08 22:14:07] 🔄 第 16 次扫描 [22:14]
[06-08 22:14:07] ==================================================
[06-08 22:14:08] 🚀 引擎: v5 (Qlib融合 + 图增强 + Alpha增强 + SMART)
[06-08 22:14:31] 📋 1 笔操作, 推送企微...
[06-08 22:14:32] ✅ 企微推送成功
[06-08 22:14:32] ⏱️  耗时: 25.1s
[06-08 22:14:32] ✅ 单次运行完成
[06-08 22:14:32] 🐾 Yina 自主模拟盘交易守护进程 启动!
[06-08 22:14:32] 📡 API: http://localhost:8766
[06-08 22:14:32] ⏱️  扫描间隔: 30分钟
[06-08 22:14:32] 🌙 夜间休眠: 01:00-07:00 (北京时间)
[06-08 22:14:32] 📊 历史统计: 16 次扫描, 7 笔交易
[06-08 22:14:32] ✅ 企微推送成功
[06-08 22:14:32] 
==================================================
[06-08 22:14:32] 🔄 第 17 次扫描 [22:14]
[06-08 22:14:32] ==================================================
[06-08 22:14:34] 🚀 引擎: v5 (Qlib融合 + 图增强 + Alpha增强 + SMART)
[06-08 22:14:57] 💤 本次无操作
[06-08 22:14:57] ⏱️  耗时: 24.3s
[06-08 22:14:57] ✅ 单次运行完成
[06-08 22:14:57] 🐾 Yina 自主模拟盘交易守护进程 启动!
[06-08 22:14:57] 📡 API: http://localhost:8766
[06-08 22:14:57] ⏱️  扫描间隔: 30分钟
[06-08 22:14:57] 🌙 夜间休眠: 01:00-07:00 (北京时间)
[06-08 22:14:57] 📊 历史统计: 17 次扫描, 7 笔交易
[06-08 22:14:57] ✅ 企微推送成功
[06-08 22:14:57] 
==================================================
[06-08 22:14:57] 🔄 第 18 次扫描 [22:14]
[06-08 22:14:57] ==================================================
[06-08 22:14:59] 🚀 引擎: v5 (Qlib融合 + 图增强 + Alpha增强 + SMART)
[06-08 22:15:24] 💤 本次无操作
[06-08 22:15:24] ⏱️  耗时: 27.0s
[06-08 22:15:24] ✅ 单次运行完成
[06-08 22:15:36] 🐾 Yina 自主模拟盘交易守护进程 启动!
[06-08 22:15:36] 📡 API: http://localhost:8766
[06-08 22:15:36] ⏱️  扫描间隔: 30分钟
[06-08 22:15:36] 🌙 夜间休眠: 01:00-07:00 (北京时间)
[06-08 22:15:36] 📊 历史统计: 0 次扫描, 0 笔交易
[06-08 22:15:36] ✅ 企微推送成功
[06-08 22:15:36] 🔄 进入持续交易模式...
[06-08 22:15:36] 
==================================================
[06-08 22:15:36] 🔄 第 1 次扫描 [22:15]
[06-08 22:15:36] ==================================================
[06-08 22:15:38] 🚀 引擎: v5 (Qlib融合 + 图增强 + Alpha增强 + SMART)
[06-08 22:16:01] 📋 1 笔操作, 推送企微...
[06-08 22:16:01] ✅ 企微推送成功
[06-08 22:16:01] 🌙 发送每日晚报...
[06-08 22:16:02] ✅ 企微推送成功
[06-08 22:16:02] ⏱️  耗时: 25.6s
[06-08 22:16:02] ⏳ 等待 30 分钟后下次扫描...

[06-08 22:25:43] 
🛑 收到信号 15, 优雅退出...
[06-08 22:25:43] ✅ 企微推送成功
