[06-07 17:05:12] 🐾 Yina 自主模拟盘交易守护进程 启动!
[06-07 17:05:12] 📡 API: http://localhost:8766
[06-07 17:05:12] ⏱️  扫描间隔: 30分钟
[06-07 17:05:12] 🌙 夜间休眠: 01:00-07:00 (北京时间)
[06-07 17:05:12] 📊 历史统计: 0 次扫描, 0 笔交易
[06-07 17:05:13] ✅ 企微推送成功
[06-07 17:05:13] 
==================================================
[06-07 17:05:13] 🔄 第 1 次扫描 [17:05]
[06-07 17:05:13] ==================================================
[06-07 17:05:14] 🚀 引擎: v5 (Qlib融合 + 图增强 + Alpha增强 + SMART)
[06-07 17:05:37] 📋 2 笔操作, 推送企微...
[06-07 17:05:37] ✅ 企微推送成功
[06-07 17:05:37] ⏱️  耗时: 24.7s
[06-07 17:05:37] ✅ 单次运行完成
[06-07 17:05:44] 🐾 Yina 自主模拟盘交易守护进程 启动!
[06-07 17:05:44] 📡 API: http://localhost:8766
[06-07 17:05:44] ⏱️  扫描间隔: 30分钟
[06-07 17:05:44] 🌙 夜间休眠: 01:00-07:00 (北京时间)
[06-07 17:05:44] 📊 历史统计: 1 次扫描, 2 笔交易
[06-07 17:05:44] ✅ 企微推送成功
[06-07 17:05:44] 🔄 进入持续交易模式...
[06-07 17:05:44] 
==================================================
[06-07 17:05:44] 🔄 第 2 次扫描 [17:05]
[06-07 17:05:44] ==================================================
[06-07 17:05:46] 🚀 引擎: v5 (Qlib融合 + 图增强 + Alpha增强 + SMART)
[06-07 17:06:09] 💤 本次无操作
[06-07 17:06:09] ⏱️  耗时: 24.8s
[06-07 17:06:09] ⏳ 等待 30 分钟后下次扫描...

[06-07 17:36:09] 
==================================================
[06-07 17:36:09] 🔄 第 3 次扫描 [17:36]
[06-07 17:36:09] ==================================================
[06-07 17:36:09] 🚀 引擎: v5 (Qlib融合 + 图增强 + Alpha增强 + SMART)
[06-07 17:36:31] 📋 2 笔操作, 推送企微...
[06-07 17:36:31] ✅ 企微推送成功
[06-07 17:36:31] ⏱️  耗时: 22.4s
[06-07 17:36:31] ⏳ 等待 30 分钟后下次扫描...

[06-07 18:06:31] 
==================================================
[06-07 18:06:31] 🔄 第 4 次扫描 [18:06]
[06-07 18:06:31] ==================================================
[06-07 18:06:31] 🚀 引擎: v5 (Qlib融合 + 图增强 + Alpha增强 + SMART)
[06-07 18:06:54] 📋 2 笔操作, 推送企微...
[06-07 18:06:55] ✅ 企微推送成功
[06-07 18:06:55] ⏱️  耗时: 23.4s
[06-07 18:06:55] ⏳ 等待 30 分钟后下次扫描...

[06-07 18:36:55] 
==================================================
[06-07 18:36:55] 🔄 第 5 次扫描 [18:36]
[06-07 18:36:55] ==================================================
[06-07 18:36:55] 🚀 引擎: v5 (Qlib融合 + 图增强 + Alpha增强 + SMART)
[06-07 18:37:22] 📋 2 笔操作, 推送企微...
[06-07 18:37:22] ✅ 企微推送成功
[06-07 18:37:22] ⏱️  耗时: 27.6s
[06-07 18:37:22] ⏳ 等待 30 分钟后下次扫描...

[06-07 19:07:22] 
==================================================
[06-07 19:07:22] 🔄 第 6 次扫描 [19:07]
[06-07 19:07:22] ==================================================
[06-07 19:07:22] 🚀 引擎: v5 (Qlib融合 + 图增强 + Alpha增强 + SMART)
[06-07 19:07:44] 📋 2 笔操作, 推送企微...
[06-07 19:07:44] ✅ 企微推送成功
[06-07 19:07:44] ⏱️  耗时: 22.3s
[06-07 19:07:44] ⏳ 等待 30 分钟后下次扫描...

[06-07 19:37:44] 
==================================================
[06-07 19:37:44] 🔄 第 7 次扫描 [19:37]
[06-07 19:37:44] ==================================================
[06-07 19:37:44] 🚀 引擎: v5 (Qlib融合 + 图增强 + Alpha增强 + SMART)
[06-07 19:38:08] 📋 2 笔操作, 推送企微...
[06-07 19:38:08] ✅ 企微推送成功
[06-07 19:38:08] ⏱️  耗时: 23.6s
[06-07 19:38:08] ⏳ 等待 30 分钟后下次扫描...

[06-07 20:08:08] 
==================================================
[06-07 20:08:08] 🔄 第 8 次扫描 [20:08]
[06-07 20:08:08] ==================================================
[06-07 20:08:08] 🚀 引擎: v5 (Qlib融合 + 图增强 + Alpha增强 + SMART)
[06-07 20:08:30] 📋 2 笔操作, 推送企微...
[06-07 20:08:30] ✅ 企微推送成功
[06-07 20:08:30] ⏱️  耗时: 22.3s
[06-07 20:08:30] ⏳ 等待 30 分钟后下次扫描...

[06-07 20:38:30] 
==================================================
[06-07 20:38:30] 🔄 第 9 次扫描 [20:38]
[06-07 20:38:30] ==================================================
[06-07 20:38:30] 🚀 引擎: v5 (Qlib融合 + 图增强 + Alpha增强 + SMART)
[06-07 20:38:52] 📋 2 笔操作, 推送企微...
[06-07 20:38:53] ✅ 企微推送成功
[06-07 20:38:53] ⏱️  耗时: 22.1s
[06-07 20:38:53] ⏳ 等待 30 分钟后下次扫描...

[06-07 21:08:53] 
==================================================
[06-07 21:08:53] 🔄 第 10 次扫描 [21:08]
[06-07 21:08:53] ==================================================
[06-07 21:08:53] 🚀 引擎: v5 (Qlib融合 + 图增强 + Alpha增强 + SMART)
[06-07 21:09:15] 📋 2 笔操作, 推送企微...
[06-07 21:09:16] ✅ 企微推送成功
[06-07 21:09:16] ⏱️  耗时: 23.1s
[06-07 21:09:16] ⏳ 等待 30 分钟后下次扫描...

[06-07 21:39:16] 
==================================================
[06-07 21:39:16] 🔄 第 11 次扫描 [21:39]
[06-07 21:39:16] ==================================================
[06-07 21:39:16] 🚀 引擎: v5 (Qlib融合 + 图增强 + Alpha增强 + SMART)
[06-07 21:39:38] 📋 2 笔操作, 推送企微...
[06-07 21:39:38] ✅ 企微推送成功
[06-07 21:39:38] ⏱️  耗时: 22.6s
[06-07 21:39:38] ⏳ 等待 30 分钟后下次扫描...

[06-07 22:09:38] 
==================================================
[06-07 22:09:38] 🔄 第 12 次扫描 [22:09]
[06-07 22:09:38] ==================================================
[06-07 22:09:38] 🚀 引擎: v5 (Qlib融合 + 图增强 + Alpha增强 + SMART)
[06-07 22:10:01] 📋 2 笔操作, 推送企微...
[06-07 22:10:01] ✅ 企微推送成功
[06-07 22:10:01] 🌙 发送每日晚报...
[06-07 22:10:02] ✅ 企微推送成功
[06-07 22:10:02] ⏱️  耗时: 23.5s
[06-07 22:10:02] ⏳ 等待 30 分钟后下次扫描...

[06-07 22:40:02] 
==================================================
[06-07 22:40:02] 🔄 第 13 次扫描 [22:40]
[06-07 22:40:02] ==================================================
[06-07 22:40:02] 🚀 引擎: v5 (Qlib融合 + 图增强 + Alpha增强 + SMART)
[06-07 22:40:30] 📋 2 笔操作, 推送企微...
[06-07 22:40:31] ✅ 企微推送成功
[06-07 22:40:31] ⏱️  耗时: 28.8s
[06-07 22:40:31] ⏳ 等待 30 分钟后下次扫描...

[06-07 23:10:31] 
==================================================
[06-07 23:10:31] 🔄 第 14 次扫描 [23:10]
[06-07 23:10:31] ==================================================
[06-07 23:10:31] 🚀 引擎: v5 (Qlib融合 + 图增强 + Alpha增强 + SMART)
[06-07 23:10:52] 📋 2 笔操作, 推送企微...
[06-07 23:10:53] ✅ 企微推送成功
[06-07 23:10:53] ⏱️  耗时: 22.4s
[06-07 23:10:53] ⏳ 等待 30 分钟后下次扫描...

[06-07 23:40:53] 
==================================================
[06-07 23:40:53] 🔄 第 15 次扫描 [23:40]
[06-07 23:40:53] ==================================================
[06-07 23:40:53] 🚀 引擎: v5 (Qlib融合 + 图增强 + Alpha增强 + SMART)
[06-07 23:41:15] 📋 2 笔操作, 推送企微...
[06-07 23:41:16] ✅ 企微推送成功
[06-07 23:41:16] ⏱️  耗时: 22.8s
[06-07 23:41:16] ⏳ 等待 30 分钟后下次扫描...

